# JRE version: OpenJDK Runtime Environment (8.0_202) (build 1.8.0_202-release-1483-b49-5587405)
# Java VM: OpenJDK 64-Bit Server VM (25.202-b49-5587405 mixed mode bsd-amd64 compressed oops)
Heap:
 PSYoungGen      total 474112K, used 297232K [0x00000007a0000000, 0x00000007c0000000, 0x00000007c0000000)
  eden space 431104K, 63% used [0x00000007a0000000,0x00000007b0d0b358,0x00000007ba500000)
  from space 43008K, 50% used [0x00000007ba500000,0x00000007bba38ed0,0x00000007bcf00000)
  to   space 44032K, 0% used [0x00000007bd500000,0x00000007bd500000,0x00000007c0000000)
 ParOldGen       total 480256K, used 258357K [0x0000000760000000, 0x000000077d500000, 0x00000007a0000000)
  object space 480256K, 53% used [0x0000000760000000,0x000000076fc4d670,0x000000077d500000)
 Metaspace       used 177131K, capacity 185482K, committed 185640K, reserved 1212416K
  class space    used 20982K, capacity 22541K, committed 22568K, reserved 1048576K
GC Heap History (10 events):
Event: 1267.956 GC heap before
{Heap before GC invocations=74 (full 7):
 PSYoungGen      total 461824K, used 410225K [0x00000007a0000000, 0x00000007bf780000, 0x00000007c0000000)
  eden space 406528K, 100% used [0x00000007a0000000,0x00000007b8d00000,0x00000007b8d00000)
  from space 55296K, 6% used [0x00000007bc080000,0x00000007bc41c5b8,0x00000007bf680000)
  to   space 52736K, 0% used [0x00000007b8d00000,0x00000007b8d00000,0x00000007bc080000)
 ParOldGen       total 480256K, used 257781K [0x0000000760000000, 0x000000077d500000, 0x00000007a0000000)
  object space 480256K, 53% used [0x0000000760000000,0x000000076fbbd670,0x000000077d500000)
 Metaspace       used 177086K, capacity 185482K, committed 185640K, reserved 1212416K
  class space    used 20980K, capacity 22541K, committed 22568K, reserved 1048576K
Event: 1267.970 GC heap after
Heap after GC invocations=74 (full 7):
 PSYoungGen      total 459264K, used 9808K [0x00000007a0000000, 0x00000007bf680000, 0x00000007c0000000)
  eden space 406528K, 0% used [0x00000007a0000000,0x00000007a0000000,0x00000007b8d00000)
  from space 52736K, 18% used [0x00000007b8d00000,0x00000007b96940c8,0x00000007bc080000)
  to   space 49152K, 0% used [0x00000007bc680000,0x00000007bc680000,0x00000007bf680000)
 ParOldGen       total 480256K, used 257781K [0x0000000760000000, 0x000000077d500000, 0x00000007a0000000)
  object space 480256K, 53% used [0x0000000760000000,0x000000076fbbd670,0x000000077d500000)
 Metaspace       used 177086K, capacity 185482K, committed 185640K, reserved 1212416K
  class space    used 20980K, capacity 22541K, committed 22568K, reserved 1048576K
}
Event: 1270.727 GC heap before
{Heap before GC invocations=75 (full 7):
 PSYoungGen      total 459264K, used 416336K [0x00000007a0000000, 0x00000007bf680000, 0x00000007c0000000)
  eden space 406528K, 100% used [0x00000007a0000000,0x00000007b8d00000,0x00000007b8d00000)
  from space 52736K, 18% used [0x00000007b8d00000,0x00000007b96940c8,0x00000007bc080000)
  to   space 49152K, 0% used [0x00000007bc680000,0x00000007bc680000,0x00000007bf680000)
 ParOldGen       total 480256K, used 257781K [0x0000000760000000, 0x000000077d500000, 0x00000007a0000000)
  object space 480256K, 53% used [0x0000000760000000,0x000000076fbbd670,0x000000077d500000)
 Metaspace       used 177098K, capacity 185482K, committed 185640K, reserved 1212416K
  class space    used 20981K, capacity 22541K, committed 22568K, reserved 1048576K
Event: 1270.772 GC heap after
Heap after GC invocations=75 (full 7):
 PSYoungGen      total 467968K, used 10425K [0x00000007a0000000, 0x00000007bf580000, 0x00000007c0000000)
  eden space 419840K, 0% used [0x00000007a0000000,0x00000007a0000000,0x00000007b9a00000)
  from space 48128K, 21% used [0x00000007bc680000,0x00000007bd0ae4e8,0x00000007bf580000)
  to   space 45568K, 0% used [0x00000007b9a00000,0x00000007b9a00000,0x00000007bc680000)
 ParOldGen       total 480256K, used 257781K [0x0000000760000000, 0x000000077d500000, 0x00000007a0000000)
  object space 480256K, 53% used [0x0000000760000000,0x000000076fbbd670,0x000000077d500000)
 Metaspace       used 177098K, capacity 185482K, committed 185640K, reserved 1212416K
  class space    used 20981K, capacity 22541K, committed 22568K, reserved 1048576K
}
Event: 1273.417 GC heap before
{Heap before GC invocations=76 (full 7):
 PSYoungGen      total 467968K, used 430265K [0x00000007a0000000, 0x00000007bf580000, 0x00000007c0000000)
  eden space 419840K, 100% used [0x00000007a0000000,0x00000007b9a00000,0x00000007b9a00000)
  from space 48128K, 21% used [0x00000007bc680000,0x00000007bd0ae4e8,0x00000007bf580000)
  to   space 45568K, 0% used [0x00000007b9a00000,0x00000007b9a00000,0x00000007bc680000)
 ParOldGen       total 480256K, used 257781K [0x0000000760000000, 0x000000077d500000, 0x00000007a0000000)
  object space 480256K, 53% used [0x0000000760000000,0x000000076fbbd670,0x000000077d500000)
 Metaspace       used 177119K, capacity 185482K, committed 185640K, reserved 1212416K
  class space    used 20982K, capacity 22541K, committed 22568K, reserved 1048576K
Event: 1273.425 GC heap after
Heap after GC invocations=76 (full 7):
 PSYoungGen      total 465408K, used 3797K [0x00000007a0000000, 0x00000007bf980000, 0x00000007c0000000)
  eden space 419840K, 0% used [0x00000007a0000000,0x00000007a0000000,0x00000007b9a00000)
  from space 45568K, 8% used [0x00000007b9a00000,0x00000007b9db56a0,0x00000007bc680000)
  to   space 43520K, 0% used [0x00000007bcf00000,0x00000007bcf00000,0x00000007bf980000)
 ParOldGen       total 480256K, used 257789K [0x0000000760000000, 0x000000077d500000, 0x00000007a0000000)
  object space 480256K, 53% used [0x0000000760000000,0x000000076fbbf670,0x000000077d500000)
 Metaspace       used 177119K, capacity 185482K, committed 185640K, reserved 1212416K
  class space    used 20982K, capacity 22541K, committed 22568K, reserved 1048576K
}
Event: 1275.520 GC heap before
{Heap before GC invocations=77 (full 7):
 PSYoungGen      total 465408K, used 423637K [0x00000007a0000000, 0x00000007bf980000, 0x00000007c0000000)
  eden space 419840K, 100% used [0x00000007a0000000,0x00000007b9a00000,0x00000007b9a00000)
  from space 45568K, 8% used [0x00000007b9a00000,0x00000007b9db56a0,0x00000007bc680000)
  to   space 43520K, 0% used [0x00000007bcf00000,0x00000007bcf00000,0x00000007bf980000)
 ParOldGen       total 480256K, used 257789K [0x0000000760000000, 0x000000077d500000, 0x00000007a0000000)
  object space 480256K, 53% used [0x0000000760000000,0x000000076fbbf670,0x000000077d500000)
 Metaspace       used 177125K, capacity 185482K, committed 185640K, reserved 1212416K
  class space    used 20982K, capacity 22541K, committed 22568K, reserved 1048576K
Event: 1275.580 GC heap after
Heap after GC invocations=77 (full 7):
 PSYoungGen      total 474624K, used 19128K [0x00000007a0000000, 0x00000007bfd00000, 0x00000007c0000000)
  eden space 431104K, 0% used [0x00000007a0000000,0x00000007a0000000,0x00000007ba500000)
  from space 43520K, 43% used [0x00000007bcf00000,0x00000007be1ae1c8,0x00000007bf980000)
  to   space 43008K, 0% used [0x00000007ba500000,0x00000007ba500000,0x00000007bcf00000)
 ParOldGen       total 480256K, used 257789K [0x0000000760000000, 0x000000077d500000, 0x00000007a0000000)
  object space 480256K, 53% used [0x0000000760000000,0x000000076fbbf670,0x000000077d500000)
 Metaspace       used 177125K, capacity 185482K, committed 185640K, reserved 1212416K
  class space    used 20982K, capacity 22541K, committed 22568K, reserved 1048576K
}
Event: 1277.438 GC heap before
{Heap before GC invocations=78 (full 7):
 PSYoungGen      total 474624K, used 450232K [0x00000007a0000000, 0x00000007bfd00000, 0x00000007c0000000)
  eden space 431104K, 100% used [0x00000007a0000000,0x00000007ba500000,0x00000007ba500000)
  from space 43520K, 43% used [0x00000007bcf00000,0x00000007be1ae1c8,0x00000007bf980000)
  to   space 43008K, 0% used [0x00000007ba500000,0x00000007ba500000,0x00000007bcf00000)
 ParOldGen       total 480256K, used 257789K [0x0000000760000000, 0x000000077d500000, 0x00000007a0000000)
  object space 480256K, 53% used [0x0000000760000000,0x000000076fbbf670,0x000000077d500000)
 Metaspace       used 177126K, capacity 185482K, committed 185640K, reserved 1212416K
  class space    used 20982K, capacity 22541K, committed 22568K, reserved 1048576K
Event: 1277.461 GC heap after
Heap after GC invocations=78 (full 7):
 PSYoungGen      total 474112K, used 21731K [0x00000007a0000000, 0x00000007c0000000, 0x00000007c0000000)
  eden space 431104K, 0% used [0x00000007a0000000,0x00000007a0000000,0x00000007ba500000)
  from space 43008K, 50% used [0x00000007ba500000,0x00000007bba38ed0,0x00000007bcf00000)
  to   space 44032K, 0% used [0x00000007bd500000,0x00000007bd500000,0x00000007c0000000)
 ParOldGen       total 480256K, used 258357K [0x0000000760000000, 0x000000077d500000, 0x00000007a0000000)
  object space 480256K, 53% used [0x0000000760000000,0x000000076fc4d670,0x000000077d500000)
 Metaspace       used 177126K, capacity 185482K, committed 185640K, reserved 1212416K
  class space    used 20982K, capacity 22541K, committed 22568K, reserved 1048576K
}

